TN:
SF:src/scripts/fetchFigmaData.ts
FN:5,(anonymous_1)
FNF:1
FNH:1
FNDA:21,(anonymous_1)
DA:1,1
DA:2,1
DA:5,1
DA:6,21
DA:7,21
DA:8,2
DA:10,19
DA:11,3
DA:13,16
DA:14,16
DA:22,13
DA:30,13
DA:31,4
DA:35,9
DA:36,1
DA:40,8
DA:41,7
DA:42,7
DA:43,3
DA:46,4
DA:48,4
DA:49,4
DA:50,4
DA:51,4
DA:58,12
DA:59,11
DA:61,1
DA:65,1
LF:28
LH:28
BRDA:7,0,0,2
BRDA:7,0,1,19
BRDA:10,1,0,3
BRDA:10,1,1,16
BRDA:30,2,0,4
BRDA:30,2,1,9
BRDA:35,3,0,1
BRDA:35,3,1,8
BRDA:42,4,0,3
BRDA:42,4,1,4
BRDA:42,5,0,7
BRDA:42,5,1,5
BRDA:58,6,0,11
BRDA:58,6,1,1
BRF:14
BRH:14
end_of_record
TN:
SF:src/scripts/formatAndAddCSSVariable.ts
FN:36,(anonymous_1)
FN:91,(anonymous_2)
FNF:2
FNH:2
FNDA:29,(anonymous_1)
FNDA:1,(anonymous_2)
DA:1,1
DA:2,1
DA:36,1
DA:47,29
DA:48,2
DA:50,27
DA:51,5
DA:53,22
DA:54,22
DA:59,20
DA:65,6
DA:66,6
DA:67,6
DA:68,1
DA:69,1
DA:71,5
DA:72,5
DA:73,1
DA:74,1
DA:76,4
DA:77,4
DA:78,4
DA:79,1
DA:80,1
DA:83,3
DA:85,3
DA:86,3
DA:87,3
DA:88,1
DA:89,1
DA:91,1
DA:92,1
DA:94,3
DA:99,3
DA:101,14
DA:102,14
DA:107,12
DA:115,2
DA:118,17
DA:120,2
DA:121,1
DA:125,1
DA:131,1
LF:43
LH:43
BRDA:47,0,0,2
BRDA:47,0,1,27
BRDA:47,1,0,29
BRDA:47,1,1,27
BRDA:50,2,0,5
BRDA:50,2,1,22
BRDA:50,3,0,27
BRDA:50,3,1,26
BRDA:50,3,2,25
BRDA:50,3,3,24
BRDA:50,3,4,23
BRDA:55,4,0,2
BRDA:55,4,1,20
BRDA:59,5,0,6
BRDA:59,5,1,14
BRDA:60,6,0,20
BRDA:60,6,1,15
BRDA:60,6,2,14
BRDA:67,7,0,1
BRDA:67,7,1,5
BRDA:72,8,0,1
BRDA:72,8,1,4
BRDA:78,9,0,1
BRDA:78,9,1,3
BRDA:87,10,0,1
BRDA:87,10,1,2
BRDA:92,11,0,1
BRDA:92,11,1,0
BRDA:95,12,0,2
BRDA:95,12,1,1
BRDA:102,13,0,12
BRDA:102,13,1,2
BRDA:103,14,0,14
BRDA:103,14,1,13
BRDA:103,14,2,10
BRDA:103,14,3,9
BRDA:103,14,4,8
BRDA:120,15,0,1
BRDA:120,15,1,1
BRF:39
BRH:38
end_of_record
TN:
SF:src/scripts/generateComponentsFile.ts
FN:14,(anonymous_0)
FNF:1
FNH:0
FNDA:0,(anonymous_0)
DA:10,0
DA:11,0
DA:12,0
DA:14,0
DA:15,0
DA:16,0
DA:17,0
DA:18,0
DA:19,0
DA:21,0
DA:22,0
DA:23,0
DA:27,0
DA:31,0
DA:32,0
DA:37,0
DA:38,0
DA:39,0
DA:40,0
DA:44,0
DA:45,0
DA:46,0
DA:48,0
DA:52,0
DA:54,0
DA:55,0
LF:26
LH:0
BRDA:18,0,0,0
BRDA:18,0,1,0
BRF:2
BRH:0
end_of_record
TN:
SF:src/scripts/generateConfigFile.ts
FN:4,(anonymous_1)
FN:41,(anonymous_2)
FN:53,(anonymous_3)
FNF:3
FNH:3
FNDA:27,(anonymous_1)
FNDA:200,(anonymous_2)
FNDA:176,(anonymous_3)
DA:1,1
DA:2,1
DA:4,1
DA:5,27
DA:6,27
DA:7,27
DA:8,26
DA:9,26
DA:10,5
DA:11,5
DA:12,5
DA:14,1
DA:17,1
DA:20,26
DA:21,25
DA:22,25
DA:23,25
DA:24,25
DA:28,25
DA:29,25
DA:30,25
DA:40,25
DA:41,200
DA:43,25
DA:44,25
DA:45,3
DA:47,22
DA:48,20
DA:49,2
DA:50,2
DA:52,22
DA:53,22
DA:54,176
DA:55,174
DA:58,22
DA:60,5
DA:61,5
DA:65,1
LF:38
LH:38
BRDA:9,0,0,5
BRDA:9,0,1,21
BRDA:43,1,0,25
BRDA:43,1,1,5
BRDA:44,2,0,3
BRDA:44,2,1,22
BRDA:47,3,0,20
BRDA:47,3,1,2
BRDA:49,4,0,2
BRDA:49,4,1,0
BRDA:54,5,0,174
BRDA:54,5,1,2
BRF:12
BRH:11
end_of_record
TN:
SF:src/scripts/generateCoreFile.ts
FN:14,(anonymous_0)
FN:38,(anonymous_1)
FN:54,(anonymous_2)
FN:55,(anonymous_3)
FN:66,(anonymous_4)
FN:70,(anonymous_5)
FN:77,(anonymous_6)
FN:80,(anonymous_7)
FNF:8
FNH:0
FNDA:0,(anonymous_0)
FNDA:0,(anonymous_1)
FNDA:0,(anonymous_2)
FNDA:0,(anonymous_3)
FNDA:0,(anonymous_4)
FNDA:0,(anonymous_5)
FNDA:0,(anonymous_6)
FNDA:0,(anonymous_7)
DA:14,0
DA:19,0
DA:20,0
DA:21,0
DA:22,0
DA:23,0
DA:25,0
DA:26,0
DA:27,0
DA:28,0
DA:29,0
DA:31,0
DA:32,0
DA:34,0
DA:36,0
DA:37,0
DA:39,0
DA:42,0
DA:45,0
DA:46,0
DA:49,0
DA:53,0
DA:54,0
DA:56,0
DA:59,0
DA:62,0
DA:66,0
DA:67,0
DA:69,0
DA:70,0
DA:71,0
DA:75,0
DA:78,0
DA:81,0
DA:82,0
DA:83,0
DA:84,0
DA:86,0
DA:93,0
DA:94,0
DA:95,0
DA:99,0
DA:100,0
DA:102,0
DA:103,0
DA:104,0
DA:105,0
DA:106,0
DA:107,0
DA:108,0
DA:109,0
DA:110,0
DA:111,0
DA:113,0
DA:114,0
LF:55
LH:0
BRDA:27,0,0,0
BRDA:27,0,1,0
BRDA:31,1,0,0
BRDA:31,1,1,0
BRDA:36,2,0,0
BRDA:36,2,1,0
BRDA:42,3,0,0
BRDA:42,3,1,0
BRDA:59,4,0,0
BRDA:59,4,1,0
BRDA:69,5,0,0
BRDA:69,5,1,0
BRDA:78,6,0,0
BRDA:78,6,1,0
BRDA:81,7,0,0
BRDA:81,7,1,0
BRDA:102,8,0,0
BRDA:102,8,1,0
BRDA:106,9,0,0
BRDA:106,9,1,0
BRDA:107,10,0,0
BRDA:107,10,1,0
BRF:22
BRH:0
end_of_record
TN:
SF:src/scripts/generatePreflightFile.ts
FN:12,(anonymous_0)
FNF:1
FNH:0
FNDA:0,(anonymous_0)
DA:8,0
DA:9,0
DA:10,0
DA:12,0
DA:13,0
DA:14,0
DA:15,0
DA:16,0
DA:17,0
DA:19,0
DA:20,0
DA:24,0
DA:29,0
DA:30,0
DA:32,0
DA:33,0
DA:35,0
DA:36,0
LF:18
LH:0
BRDA:16,0,0,0
BRDA:16,0,1,0
BRF:2
BRH:0
end_of_record
TN:
SF:src/scripts/processComponentVariables.ts
FN:24,(anonymous_0)
FN:55,(anonymous_1)
FNF:2
FNH:0
FNDA:0,(anonymous_0)
FNDA:0,(anonymous_1)
DA:24,0
DA:25,0
DA:27,0
DA:33,0
DA:36,0
DA:43,0
DA:46,0
DA:47,0
DA:48,0
DA:50,0
DA:51,0
DA:52,0
DA:54,0
DA:55,0
DA:56,0
DA:58,0
DA:59,0
DA:60,0
DA:62,0
DA:64,0
DA:78,0
DA:81,0
DA:83,0
DA:84,0
LF:24
LH:0
BRDA:56,0,0,0
BRDA:56,0,1,0
BRDA:59,1,0,0
BRDA:59,1,1,0
BRF:4
BRH:0
end_of_record
TN:
SF:src/scripts/processCoreVariables.ts
FN:24,(anonymous_0)
FN:58,(anonymous_1)
FNF:2
FNH:0
FNDA:0,(anonymous_0)
FNDA:0,(anonymous_1)
DA:24,0
DA:25,0
DA:26,0
DA:27,0
DA:33,0
DA:39,0
DA:46,0
DA:49,0
DA:50,0
DA:51,0
DA:53,0
DA:54,0
DA:55,0
DA:57,0
DA:58,0
DA:59,0
DA:61,0
DA:62,0
DA:63,0
DA:65,0
DA:67,0
DA:81,0
DA:84,0
DA:86,0
DA:87,0
LF:25
LH:0
BRDA:24,0,0,0
BRDA:27,1,0,0
BRDA:27,1,1,0
BRDA:59,2,0,0
BRDA:59,2,1,0
BRDA:62,3,0,0
BRDA:62,3,1,0
BRF:7
BRH:0
end_of_record
TN:
SF:src/scripts/processPublishedVariables.ts
FN:30,(anonymous_1)
FN:65,(anonymous_2)
FN:69,(anonymous_3)
FNF:3
FNH:3
FNDA:26,(anonymous_1)
FNDA:49,(anonymous_2)
FNDA:34,(anonymous_3)
DA:1,1
DA:30,1
DA:36,26
DA:37,26
DA:38,26
DA:39,26
DA:41,26
DA:42,39
DA:43,35
DA:44,35
DA:50,35
DA:51,96
DA:52,96
DA:56,51
DA:63,34
DA:65,49
DA:67,34
DA:68,20
DA:69,34
DA:71,19
DA:72,18
DA:73,18
DA:78,24
DA:80,2
DA:81,2
DA:85,1
LF:26
LH:26
BRDA:42,0,0,35
BRDA:42,0,1,4
BRDA:52,1,0,51
BRDA:52,1,1,44
BRDA:53,2,0,96
BRDA:53,2,1,53
BRDA:67,3,0,20
BRDA:67,3,1,14
BRDA:71,4,0,18
BRDA:71,4,1,1
BRDA:71,5,0,19
BRDA:71,5,1,1
BRF:12
BRH:12
end_of_record
TN:
SF:src/scripts/utils/errors.ts
FN:2,(anonymous_0)
FN:13,(anonymous_1)
FN:20,(anonymous_2)
FN:27,(anonymous_3)
FN:34,(anonymous_4)
FN:40,wrapError
FN:52,assertDefined
FN:61,assertNotEmpty
FNF:8
FNH:8
FNDA:23,(anonymous_0)
FNDA:2,(anonymous_1)
FNDA:2,(anonymous_2)
FNDA:2,(anonymous_3)
FNDA:10,(anonymous_4)
FNDA:5,wrapError
FNDA:6,assertDefined
FNDA:7,assertNotEmpty
DA:1,1
DA:4,23
DA:5,23
DA:7,23
DA:8,23
DA:12,1
DA:14,2
DA:15,2
DA:19,1
DA:21,2
DA:22,2
DA:26,1
DA:28,2
DA:29,2
DA:33,1
DA:35,10
DA:36,10
DA:40,1
DA:41,5
DA:42,1
DA:45,4
DA:46,1
DA:49,3
DA:52,1
DA:56,6
DA:57,3
DA:61,1
DA:65,7
DA:66,5
LF:29
LH:29
BRDA:41,0,0,1
BRDA:41,0,1,4
BRDA:45,1,0,1
BRDA:45,1,1,3
BRDA:56,2,0,3
BRDA:56,2,1,3
BRDA:56,3,0,6
BRDA:56,3,1,4
BRDA:65,4,0,5
BRDA:65,4,1,2
BRDA:65,5,0,7
BRDA:65,5,1,3
BRF:12
BRH:12
end_of_record
TN:
SF:src/scripts/utils/formatName.ts
FN:1,(anonymous_0)
FNF:1
FNH:1
FNDA:20,(anonymous_0)
DA:1,20
DA:3,3
LF:2
LH:2
BRF:0
BRH:0
end_of_record
TN:
SF:src/scripts/utils/formatValue.ts
FN:9,(anonymous_1)
FNF:1
FNH:1
FNDA:28,(anonymous_1)
DA:1,2
DA:2,2
DA:3,2
DA:4,2
DA:5,2
DA:6,2
DA:9,2
DA:14,28
DA:15,4
DA:16,4
DA:17,4
DA:20,4
DA:21,24
DA:22,6
DA:23,18
DA:24,5
DA:25,13
DA:26,4
DA:27,9
DA:28,4
DA:30,5
DA:34,2
LF:22
LH:22
BRDA:14,0,0,4
BRDA:14,0,1,24
BRDA:21,1,0,6
BRDA:21,1,1,18
BRDA:23,2,0,5
BRDA:23,2,1,13
BRDA:25,3,0,4
BRDA:25,3,1,9
BRDA:27,4,0,4
BRDA:27,4,1,5
BRF:10
BRH:10
end_of_record
TN:
SF:src/scripts/utils/generateBorderUtilities.ts
FN:1,(anonymous_0)
FNF:1
FNH:1
FNDA:3,(anonymous_0)
DA:1,3
DA:43,1
LF:2
LH:2
BRF:0
BRH:0
end_of_record
TN:
SF:src/scripts/utils/generateComponentVariants.ts
FN:3,(anonymous_1)
FN:25,(anonymous_2)
FN:37,(anonymous_3)
FNF:3
FNH:3
FNDA:70,(anonymous_1)
FNDA:29,(anonymous_2)
FNDA:11,(anonymous_3)
DA:1,1
DA:3,1
DA:9,70
DA:10,10
DA:12,60
DA:14,70
DA:15,70
DA:17,70
DA:18,29
DA:20,70
DA:21,57
DA:23,13
DA:25,29
DA:27,13
DA:28,13
DA:31,13
DA:37,1
DA:41,11
DA:42,11
DA:43,10
DA:44,10
DA:53,10
DA:54,10
DA:55,70
DA:61,10
DA:63,2
DA:67,1
LF:27
LH:27
BRDA:9,0,0,10
BRDA:9,0,1,60
BRDA:20,1,0,57
BRDA:20,1,1,13
BRF:4
BRH:4
end_of_record
TN:
SF:src/scripts/utils/generateGenericUtilities.ts
FN:1,(anonymous_0)
FNF:1
FNH:1
FNDA:3,(anonymous_0)
DA:1,1
DA:2,3
DA:15,1
LF:3
LH:3
BRF:0
BRH:0
end_of_record
TN:
SF:src/scripts/utils/generateShadowUtilities.ts
FN:3,(anonymous_0)
FN:11,(anonymous_1)
FN:14,(anonymous_2)
FNF:3
FNH:3
FNDA:11,(anonymous_0)
FNDA:12,(anonymous_1)
FNDA:17,(anonymous_2)
DA:1,1
DA:3,1
DA:4,11
DA:6,11
DA:7,22
DA:8,22
DA:10,11
DA:11,12
DA:13,11
DA:15,17
DA:17,17
DA:29,17
DA:34,11
DA:37,1
LF:14
LH:14
BRDA:29,0,0,11
BRDA:29,0,1,6
BRF:2
BRH:2
end_of_record
TN:
SF:src/scripts/utils/generateTypographyUtilities.ts
FN:3,(anonymous_0)
FN:15,(anonymous_1)
FN:16,(anonymous_2)
FN:21,(anonymous_3)
FNF:4
FNH:4
FNDA:13,(anonymous_0)
FNDA:27,(anonymous_1)
FNDA:27,(anonymous_2)
FNDA:27,(anonymous_3)
DA:1,1
DA:3,1
DA:7,13
DA:9,13
DA:10,27
DA:11,27
DA:12,27
DA:14,13
DA:15,27
DA:17,27
DA:18,27
DA:20,13
DA:22,27
DA:24,27
DA:29,27
DA:34,13
DA:37,1
LF:17
LH:17
BRDA:29,0,0,22
BRDA:29,0,1,5
BRF:2
BRH:2
end_of_record
TN:
SF:src/scripts/utils/getAlpha.ts
FN:1,(anonymous_0)
FNF:1
FNH:1
FNDA:10,(anonymous_0)
DA:1,3
DA:2,10
DA:4,3
LF:3
LH:3
BRDA:2,0,0,1
BRDA:2,0,1,9
BRDA:2,1,0,2
BRDA:2,1,1,7
BRF:4
BRH:4
end_of_record
TN:
SF:src/scripts/utils/getArgValue.ts
FN:1,(anonymous_0)
FN:2,(anonymous_1)
FNF:2
FNH:2
FNDA:8,(anonymous_0)
FNDA:29,(anonymous_1)
DA:1,2
DA:2,29
DA:3,8
DA:8,2
LF:4
LH:4
BRDA:3,0,0,6
BRDA:3,0,1,2
BRDA:3,1,0,8
BRDA:3,1,1,7
BRF:4
BRH:4
end_of_record
TN:
SF:src/scripts/utils/getColor.ts
FN:1,(anonymous_0)
FNF:1
FNH:1
FNDA:9,(anonymous_0)
DA:1,9
DA:3,3
LF:2
LH:2
BRF:0
BRH:0
end_of_record
TN:
SF:src/scripts/utils/getConfig.ts
FN:15,(anonymous_1)
FNF:1
FNH:1
FNDA:9,(anonymous_1)
DA:1,2
DA:2,2
DA:15,2
DA:16,9
DA:17,9
DA:18,9
DA:19,1
DA:21,8
DA:22,7
DA:23,6
DA:24,1
DA:28,5
DA:29,1
DA:33,4
DA:34,1
DA:38,3
DA:39,1
DA:43,2
DA:45,7
DA:46,1
DA:48,6
DA:52,2
LF:22
LH:22
BRDA:18,0,0,1
BRDA:18,0,1,8
BRDA:23,1,0,1
BRDA:23,1,1,5
BRDA:28,2,0,1
BRDA:28,2,1,4
BRDA:33,3,0,1
BRDA:33,3,1,3
BRDA:38,4,0,1
BRDA:38,4,1,2
BRDA:38,5,0,3
BRDA:38,5,1,3
BRDA:45,6,0,1
BRDA:45,6,1,6
BRF:14
BRH:14
end_of_record
TN:
SF:src/scripts/utils/getDimension.ts
FN:1,(anonymous_0)
FNF:1
FNH:1
FNDA:11,(anonymous_0)
DA:1,3
DA:2,11
DA:4,3
LF:3
LH:3
BRDA:2,0,0,1
BRDA:2,0,1,10
BRF:2
BRH:2
end_of_record
TN:
SF:src/scripts/utils/getFontFamily.ts
FN:1,(anonymous_0)
FNF:1
FNH:1
FNDA:9,(anonymous_0)
DA:1,9
DA:3,3
LF:2
LH:2
BRF:0
BRH:0
end_of_record
TN:
SF:src/scripts/utils/getFontWeight.ts
FN:13,(anonymous_0)
FNF:1
FNH:1
FNDA:23,(anonymous_0)
DA:1,3
DA:13,3
DA:14,23
DA:15,3
DA:17,20
DA:20,3
LF:6
LH:6
BRDA:14,0,0,3
BRDA:14,0,1,20
BRF:2
BRH:2
end_of_record
TN:
SF:src/scripts/utils/getOpacity.ts
FN:1,(anonymous_0)
FNF:1
FNH:1
FNDA:9,(anonymous_0)
DA:1,9
DA:3,3
LF:2
LH:2
BRF:0
BRH:0
end_of_record
TN:
SF:src/scripts/utils/getPackageVersion.ts
FN:9,(anonymous_0)
FNF:1
FNH:0
FNDA:0,(anonymous_0)
DA:5,0
DA:6,0
DA:7,0
DA:9,0
DA:10,0
DA:11,0
DA:12,0
DA:13,0
DA:15,0
DA:16,0
LF:10
LH:0
BRDA:13,0,0,0
BRDA:13,0,1,0
BRF:2
BRH:0
end_of_record
TN:
SF:src/scripts/utils/removeThemePrefixesFromVariables.ts
FN:1,(anonymous_0)
FN:7,(anonymous_1)
FNF:2
FNH:2
FNDA:7,(anonymous_0)
FNDA:9,(anonymous_1)
DA:1,1
DA:6,7
DA:7,7
DA:8,9
DA:12,9
DA:17,7
DA:20,1
LF:7
LH:7
BRF:0
BRH:0
end_of_record
TN:
SF:src/scripts/utils/replaceClassPrefix.ts
FN:3,(anonymous_1)
FNF:1
FNH:1
FNDA:19,(anonymous_1)
DA:1,1
DA:3,1
DA:4,19
DA:5,3
DA:7,16
DA:8,16
DA:9,14
DA:10,14
DA:11,3
DA:13,11
DA:15,2
DA:16,1
DA:18,1
DA:22,1
LF:14
LH:14
BRDA:4,0,0,3
BRDA:4,0,1,16
BRDA:10,1,0,3
BRDA:10,1,1,11
BRDA:15,2,0,1
BRDA:15,2,1,1
BRF:6
BRH:6
end_of_record
TN:
SF:src/scripts/utils/replaceVariablesByPattern.ts
FN:8,(anonymous_0)
FNF:1
FNH:1
FNDA:8,(anonymous_0)
DA:1,1
DA:8,1
DA:9,8
DA:10,8
DA:11,32
DA:13,8
DA:16,1
LF:7
LH:7
BRF:0
BRH:0
end_of_record
